0 info it worked if it ends with ok
1 verbose cli [ '/Users/nataliespencer/.nvm/versions/node/v7.7.3/bin/node',
1 verbose cli   '/Users/nataliespencer/.nvm/versions/node/v7.7.3/bin/npm',
1 verbose cli   'start' ]
2 info using npm@4.1.2
3 info using node@v7.7.3
4 verbose run-script [ 'prestart', 'start', 'poststart' ]
5 info lifecycle fitbitch@0.0.1~prestart: fitbitch@0.0.1
6 silly lifecycle fitbitch@0.0.1~prestart: no script for prestart, continuing
7 info lifecycle fitbitch@0.0.1~start: fitbitch@0.0.1
8 verbose lifecycle fitbitch@0.0.1~start: unsafe-perm in lifecycle true
9 verbose lifecycle fitbitch@0.0.1~start: PATH: /Users/nataliespencer/.nvm/versions/node/v7.7.3/lib/node_modules/npm/bin/node-gyp-bin:/Users/nataliespencer/Code/FitBitch/src/server/node_modules/.bin:/Users/nataliespencer/.nvm/versions/node/v7.7.3/bin:/usr/local/bin:/usr/bin:/bin:/usr/sbin:/sbin
10 verbose lifecycle fitbitch@0.0.1~start: CWD: /Users/nataliespencer/Code/FitBitch/src/server
11 silly lifecycle fitbitch@0.0.1~start: Args: [ '-c',
11 silly lifecycle   'gulp && gulp copy_node_modules && node --inspect ../../dist/server/server.js' ]
12 silly lifecycle fitbitch@0.0.1~start: Returned: code: 1  signal: null
13 info lifecycle fitbitch@0.0.1~start: Failed to exec start script
14 verbose stack Error: fitbitch@0.0.1 start: `gulp && gulp copy_node_modules && node --inspect ../../dist/server/server.js`
14 verbose stack Exit status 1
14 verbose stack     at EventEmitter.<anonymous> (/Users/nataliespencer/.nvm/versions/node/v7.7.3/lib/node_modules/npm/lib/utils/lifecycle.js:279:16)
14 verbose stack     at emitTwo (events.js:106:13)
14 verbose stack     at EventEmitter.emit (events.js:194:7)
14 verbose stack     at ChildProcess.<anonymous> (/Users/nataliespencer/.nvm/versions/node/v7.7.3/lib/node_modules/npm/lib/utils/spawn.js:40:14)
14 verbose stack     at emitTwo (events.js:106:13)
14 verbose stack     at ChildProcess.emit (events.js:194:7)
14 verbose stack     at maybeClose (internal/child_process.js:899:16)
14 verbose stack     at Process.ChildProcess._handle.onexit (internal/child_process.js:226:5)
15 verbose pkgid fitbitch@0.0.1
16 verbose cwd /Users/nataliespencer/Code/FitBitch/src/server
17 error Darwin 15.4.0
18 error argv "/Users/nataliespencer/.nvm/versions/node/v7.7.3/bin/node" "/Users/nataliespencer/.nvm/versions/node/v7.7.3/bin/npm" "start"
19 error node v7.7.3
20 error npm  v4.1.2
21 error code ELIFECYCLE
22 error fitbitch@0.0.1 start: `gulp && gulp copy_node_modules && node --inspect ../../dist/server/server.js`
22 error Exit status 1
23 error Failed at the fitbitch@0.0.1 start script 'gulp && gulp copy_node_modules && node --inspect ../../dist/server/server.js'.
23 error Make sure you have the latest version of node.js and npm installed.
23 error If you do, this is most likely a problem with the fitbitch package,
23 error not with npm itself.
23 error Tell the author that this fails on your system:
23 error     gulp && gulp copy_node_modules && node --inspect ../../dist/server/server.js
23 error You can get information on how to open an issue for this project with:
23 error     npm bugs fitbitch
23 error Or if that isn't available, you can get their info via:
23 error     npm owner ls fitbitch
23 error There is likely additional logging output above.
24 verbose exit [ 1, true ]
